<?xml version="1.0" encoding="UTF-8"?>
<testsuite xmlns:xsi="http://www.w3.org/2001/XMLSchema-instance" xsi:noNamespaceSchemaLocation="https://maven.apache.org/surefire/maven-surefire-plugin/xsd/surefire-test-report-3.0.xsd" version="3.0" name="TestSuite" time="1.174" tests="2" errors="0" skipped="0" failures="0">
  <properties>
[...]
</properties>
  <testcase name="Lion" classname="qaclickacademy.Mavenjava.AppTest" time="0.01">
    <system-out><![CDATA[Byee
]]></system-out>
  </testcase>
  <testcase name="shouldAnswerWithTrue" classname="qaclickacademy.Mavenjava.AppTest" time="0.001">
    <system-out><![CDATA[Nancy
]]></system-out>
  </testcase>
</testsuite>