<?xml version="1.0" encoding="UTF-8"?>
<testng-results ignored="0" total="2" passed="2" failed="0" skipped="0">
  <reporter-output>
  </reporter-output>
  <suite started-at="2021-12-01T13:57:21 IST" name="Suite" finished-at="2021-12-01T13:57:21 IST" duration-ms="78">
    <groups>
    </groups>
    <test started-at="2021-12-01T13:57:21 IST" name="Test" finished-at="2021-12-01T13:57:21 IST" duration-ms="78">
      <class name="qaclickacademy.Mavenjava.AppTest">
        <test-method signature="Lion()[pri:0, instance:qaclickacademy.Mavenjava.AppTest@3c0be339]" started-at="2021-12-01T13:57:21 IST" name="Lion" finished-at="2021-12-01T13:57:21 IST" duration-ms="7" status="PASS">
          <reporter-output>
          </reporter-output>
        </test-method> <!-- Lion -->
        <test-method signature="shouldAnswerWithTrue()[pri:0, instance:qaclickacademy.Mavenjava.AppTest@3c0be339]" started-at="2021-12-01T13:57:21 IST" name="shouldAnswerWithTrue" finished-at="2021-12-01T13:57:21 IST" duration-ms="0" status="PASS">
          <reporter-output>
          </reporter-output>
        </test-method> <!-- shouldAnswerWithTrue -->
      </class> <!-- qaclickacademy.Mavenjava.AppTest -->
    </test> <!-- Test -->
  </suite> <!-- Suite -->
</testng-results>
